0 info it worked if it ends with ok
1 verbose cli [ '/usr/local/bin/node',
1 verbose cli   '/usr/local/bin/npm',
1 verbose cli   'install',
1 verbose cli   'three',
1 verbose cli   '--save',
1 verbose cli   'dev' ]
2 info using npm@2.5.1
3 info using node@v4.2.1
4 warn package.json TroublePrototype@0.0.0 No repository field.
5 silly cache add args [ 'three', null ]
6 verbose cache add spec three
7 silly cache add args [ 'dev', null ]
8 verbose cache add spec dev
9 silly cache add parsed spec Result {
9 silly cache add   raw: 'three',
9 silly cache add   scope: null,
9 silly cache add   name: 'three',
9 silly cache add   rawSpec: '',
9 silly cache add   spec: '*',
9 silly cache add   type: 'range' }
10 verbose addNamed three@*
11 silly addNamed semver.valid null
12 silly addNamed semver.validRange *
13 silly addNameRange { name: 'three', range: '*', hasData: false }
14 silly mapToRegistry name three
15 silly mapToRegistry using default registry
16 silly mapToRegistry registry https://registry.npmjs.org/
17 silly mapToRegistry uri https://registry.npmjs.org/three
18 verbose addNameRange registry:https://registry.npmjs.org/three not in flight; fetching
19 silly cache add parsed spec Result {
19 silly cache add   raw: 'dev',
19 silly cache add   scope: null,
19 silly cache add   name: 'dev',
19 silly cache add   rawSpec: '',
19 silly cache add   spec: '*',
19 silly cache add   type: 'range' }
20 verbose addNamed dev@*
21 silly addNamed semver.valid null
22 silly addNamed semver.validRange *
23 silly addNameRange { name: 'dev', range: '*', hasData: false }
24 silly mapToRegistry name dev
25 silly mapToRegistry using default registry
26 silly mapToRegistry registry https://registry.npmjs.org/
27 silly mapToRegistry uri https://registry.npmjs.org/dev
28 verbose addNameRange registry:https://registry.npmjs.org/dev not in flight; fetching
29 verbose request uri https://registry.npmjs.org/dev
30 verbose request no auth needed
31 info attempt registry request try #1 at 12:18:40 PM
32 verbose request id 803f74c486538ccd
33 verbose etag "70CDUJPAHIRCO4UM5CM28RZUB"
34 http request GET https://registry.npmjs.org/dev
35 verbose request uri https://registry.npmjs.org/three
36 verbose request no auth needed
37 info attempt registry request try #1 at 12:18:40 PM
38 verbose etag "5Y716KRVK8HA23X4N9HRUWN6C"
39 http request GET https://registry.npmjs.org/three
40 http 304 https://registry.npmjs.org/dev
41 silly get cb [ 304,
41 silly get   { date: 'Wed, 05 Oct 2016 10:18:40 GMT',
41 silly get     via: '1.1 varnish',
41 silly get     'cache-control': 'max-age=300',
41 silly get     etag: '"70CDUJPAHIRCO4UM5CM28RZUB"',
41 silly get     age: '39',
41 silly get     connection: 'keep-alive',
41 silly get     'x-served-by': 'cache-gru7122-GRU',
41 silly get     'x-cache': 'HIT',
41 silly get     'x-cache-hits': '2',
41 silly get     'x-timer': 'S1475662720.851944,VS0,VE0',
41 silly get     vary: 'Accept-Encoding' } ]
42 verbose etag https://registry.npmjs.org/dev from cache
43 verbose get saving dev to /Users/ramiroespada/.npm/registry.npmjs.org/dev/.cache.json
44 silly addNameRange number 2 { name: 'dev', range: '*', hasData: true }
45 silly addNameRange versions [ 'dev',
45 silly addNameRange   [ '0.1.0',
45 silly addNameRange     '0.1.1',
45 silly addNameRange     '0.1.2',
45 silly addNameRange     '0.1.3',
45 silly addNameRange     '0.1.1-d',
45 silly addNameRange     '0.1.1-e',
45 silly addNameRange     '0.1.1-f',
45 silly addNameRange     '0.1.1-g',
45 silly addNameRange     '0.1.1-h',
45 silly addNameRange     '0.1.1-n',
45 silly addNameRange     '0.1.1-p' ] ]
46 verbose addNamed dev@0.1.3
47 silly addNamed semver.valid 0.1.3
48 silly addNamed semver.validRange 0.1.3
49 silly cache afterAdd dev@0.1.3
50 verbose afterAdd /Users/ramiroespada/.npm/dev/0.1.3/package/package.json not in flight; writing
51 verbose afterAdd /Users/ramiroespada/.npm/dev/0.1.3/package/package.json written
52 http 200 https://registry.npmjs.org/three
53 silly get cb [ 200,
53 silly get   { server: 'CouchDB/1.5.0 (Erlang OTP/R16B03)',
53 silly get     etag: '"9KCCCVB70NDVAQQ8U6LMI8OOX"',
53 silly get     'content-type': 'application/json',
53 silly get     'content-encoding': 'gzip',
53 silly get     'cache-control': 'max-age=300',
53 silly get     'content-length': '16552',
53 silly get     'accept-ranges': 'bytes',
53 silly get     date: 'Wed, 05 Oct 2016 10:18:41 GMT',
53 silly get     via: '1.1 varnish',
53 silly get     age: '0',
53 silly get     connection: 'keep-alive',
53 silly get     'x-served-by': 'cache-gru7122-GRU',
53 silly get     'x-cache': 'MISS',
53 silly get     'x-cache-hits': '0',
53 silly get     'x-timer': 'S1475662720.858272,VS0,VE370',
53 silly get     vary: 'Accept-Encoding' } ]
54 verbose get saving three to /Users/ramiroespada/.npm/registry.npmjs.org/three/.cache.json
55 silly addNameRange number 2 { name: 'three', range: '*', hasData: true }
56 silly addNameRange versions [ 'three',
56 silly addNameRange   [ '0.54.0-dev',
56 silly addNameRange     '0.54.1-dev',
56 silly addNameRange     '0.54.2-dev',
56 silly addNameRange     '0.54.3-dev',
56 silly addNameRange     '0.54.4-dev',
56 silly addNameRange     '0.54.5-dev',
56 silly addNameRange     '0.54.6-dev',
56 silly addNameRange     '0.54.7-dev',
56 silly addNameRange     '0.54.8-dev',
56 silly addNameRange     '0.54.9-dev',
56 silly addNameRange     '0.54.10-dev',
56 silly addNameRange     '0.54.11-dev',
56 silly addNameRange     '0.54.12-dev',
56 silly addNameRange     '0.54.0',
56 silly addNameRange     '0.55.0',
56 silly addNameRange     '0.56.0',
56 silly addNameRange     '0.56.1',
56 silly addNameRange     '0.56.2',
56 silly addNameRange     '0.56.3',
56 silly addNameRange     '0.56.4',
56 silly addNameRange     '0.58.1',
56 silly addNameRange     '0.58.2',
56 silly addNameRange     '0.58.3',
56 silly addNameRange     '0.58.4',
56 silly addNameRange     '0.58.5',
56 silly addNameRange     '0.58.6',
56 silly addNameRange     '0.56.7',
56 silly addNameRange     '0.58.7',
56 silly addNameRange     '0.58.8',
56 silly addNameRange     '0.58.9',
56 silly addNameRange     '0.58.10',
56 silly addNameRange     '0.66.0',
56 silly addNameRange     '0.66.1',
56 silly addNameRange     '0.66.2',
56 silly addNameRange     '0.67.0',
56 silly addNameRange     '0.68.0',
56 silly addNameRange     '0.66.6',
56 silly addNameRange     '0.66.7',
56 silly addNameRange     '0.66.8',
56 silly addNameRange     '0.66.9',
56 silly addNameRange     '0.66.10',
56 silly addNameRange     '0.66.11',
56 silly addNameRange     '0.66.12',
56 silly addNameRange     '0.66.13',
56 silly addNameRange     '0.66.14',
56 silly addNameRange     '0.66.15',
56 silly addNameRange     '0.66.16',
56 silly addNameRange     '0.66.17',
56 silly addNameRange     '0.66.18',
56 silly addNameRange     '0.66.19',
56 silly addNameRange     '0.69.0',
56 silly addNameRange     '0.66.20',
56 silly addNameRange     '0.66.21',
56 silly addNameRange     '0.66.22',
56 silly addNameRange     '0.66.23',
56 silly addNameRange     '0.66.24',
56 silly addNameRange     '0.66.25',
56 silly addNameRange     '0.66.26',
56 silly addNameRange     '0.66.27',
56 silly addNameRange     '0.66.28',
56 silly addNameRange     '0.66.29',
56 silly addNameRange     '0.66.30',
56 silly addNameRange     '0.66.31',
56 silly addNameRange     '0.66.32-dev',
56 silly addNameRange     '0.66.35',
56 silly addNameRange     '0.66.36',
56 silly addNameRange     '0.66.37',
56 silly addNameRange     '0.66.38',
56 silly addNameRange     '0.66.39',
56 silly addNameRange     '0.66.40',
56 silly addNameRange     '0.70.0',
56 silly addNameRange     '0.66.41',
56 silly addNameRange     '0.66.42',
56 silly addNameRange     '0.66.43',
56 silly addNameRange     '0.66.45',
56 silly addNameRange     '0.66.46',
56 silly addNameRange     '0.66.47',
56 silly addNameRange     '0.66.48',
56 silly addNameRange     '0.66.49',
56 silly addNameRange     '0.66.50',
56 silly addNameRange     '0.66.51',
56 silly addNameRange     '0.66.52',
56 silly addNameRange     '0.66.53',
56 silly addNameRange     '0.66.54',
56 silly addNameRange     '0.66.55',
56 silly addNameRange     '0.66.56',
56 silly addNameRange     '0.66.57',
56 silly addNameRange     '0.66.58',
56 silly addNameRange     '0.66.59',
56 silly addNameRange     '0.66.60',
56 silly addNameRange     '0.66.61',
56 silly addNameRange     '0.66.62',
56 silly addNameRange     '0.66.63',
56 silly addNameRange     '0.71.0',
56 silly addNameRange     '0.70.1',
56 silly addNameRange     '0.66.64',
56 silly addNameRange     '0.66.65',
56 silly addNameRange     '0.66.66',
56 silly addNameRange     '0.66.67',
56 silly addNameRange     '0.66.68',
56 silly addNameRange     '0.66.69',
56 silly addNameRange     '0.66.70',
56 silly addNameRange     '0.66.71',
56 silly addNameRange     '0.66.72',
56 silly addNameRange     '0.66.73',
56 silly addNameRange     '0.66.74',
56 silly addNameRange     '0.66.75',
56 silly addNameRange     '0.66.76',
56 silly addNameRange     '0.66.77',
56 silly addNameRange     '0.66.78',
56 silly addNameRange     '0.66.79',
56 silly addNameRange     '0.66.80',
56 silly addNameRange     '0.66.81',
56 silly addNameRange     '0.66.83',
56 silly addNameRange     '0.66.84',
56 silly addNameRange     '0.66.85',
56 silly addNameRange     '0.68.86',
56 silly addNameRange     '0.66.86',
56 silly addNameRange     '0.71.1',
56 silly addNameRange     '0.72.0',
56 silly addNameRange     '0.68.87',
56 silly addNameRange     '0.66.87',
56 silly addNameRange     '0.66.82',
56 silly addNameRange     '0.73.0',
56 silly addNameRange     '0.66.88',
56 silly addNameRange     '0.66.89',
56 silly addNameRange     '0.66.90',
56 silly addNameRange     '0.66.91',
56 silly addNameRange     '0.66.92',
56 silly addNameRange     '0.66.93',
56 silly addNameRange     '0.66.94',
56 silly addNameRange     '0.66.95',
56 silly addNameRange     '0.66.96',
56 silly addNameRange     '0.66.97',
56 silly addNameRange     '0.73.1',
56 silly addNameRange     '0.73.2',
56 silly addNameRange     '0.74.0',
56 silly addNameRange     '0.75.0',
56 silly addNameRange     '0.76.1',
56 silly addNameRange     '0.77.0',
56 silly addNameRange     '0.77.1',
56 silly addNameRange     '0.78.0',
56 silly addNameRange     '0.79.0',
56 silly addNameRange     '0.80.0',
56 silly addNameRange     '0.80.1',
56 silly addNameRange     '0.81.0',
56 silly addNameRange     '0.81.1',
56 silly addNameRange     '0.81.2' ] ]
57 verbose addNamed three@0.81.2
58 silly addNamed semver.valid 0.81.2
59 silly addNamed semver.validRange 0.81.2
60 silly mapToRegistry name three
61 silly mapToRegistry using default registry
62 silly mapToRegistry registry https://registry.npmjs.org/
63 silly mapToRegistry uri https://registry.npmjs.org/three
64 verbose addRemoteTarball https://registry.npmjs.org/three/-/three-0.81.2.tgz not in flight; adding
65 verbose addRemoteTarball [ 'https://registry.npmjs.org/three/-/three-0.81.2.tgz',
65 verbose addRemoteTarball   '100c078dcfbb0a235e3d433066b1b26b145c69c3' ]
66 info retry fetch attempt 1 at 12:18:41 PM
67 info attempt registry request try #1 at 12:18:41 PM
68 http fetch GET https://registry.npmjs.org/three/-/three-0.81.2.tgz
69 http fetch 200 https://registry.npmjs.org/three/-/three-0.81.2.tgz
70 silly fetchAndShaCheck shasum 100c078dcfbb0a235e3d433066b1b26b145c69c3
71 verbose addTmpTarball /var/folders/_z/svgzc3pj68j4x8wy0hxcpmsr0000gn/T/npm-5756-f2f21ce4/registry.npmjs.org/three/-/three-0.81.2.tgz not in flight; adding
72 verbose addTmpTarball already have metadata; skipping unpack for three@0.81.2
73 silly cache afterAdd three@0.81.2
74 verbose afterAdd /Users/ramiroespada/.npm/three/0.81.2/package/package.json not in flight; writing
75 verbose afterAdd /Users/ramiroespada/.npm/three/0.81.2/package/package.json written
76 silly install resolved [ { name: 'dev',
76 silly install resolved     description: 'Reruns the given file whenever the current working dir subtree has modifications.',
76 silly install resolved     version: '0.1.3',
76 silly install resolved     repository: { type: 'git', url: 'git://github.com/iliakan/node-dev.git' },
76 silly install resolved     author:
76 silly install resolved      { name: 'Ilya Kantor',
76 silly install resolved        email: 'iliakan@gmail.com',
76 silly install resolved        url: 'http://javascript.info/' },
76 silly install resolved     preferGlobal: true,
76 silly install resolved     bin: { 'node-dev': './node-dev.sh' },
76 silly install resolved     dependencies: { inotify: '>= 0.1.6' },
76 silly install resolved     devDependencies: {},
76 silly install resolved     _id: 'dev@0.1.3',
76 silly install resolved     engines: { node: '*' },
76 silly install resolved     _engineSupported: true,
76 silly install resolved     _npmVersion: '1.0.6',
76 silly install resolved     _nodeVersion: 'v0.5.0-pre',
76 silly install resolved     _defaultsLoaded: true,
76 silly install resolved     dist:
76 silly install resolved      { shasum: '89fdc08705e0e7eaef92d012e26751e4d744322a',
76 silly install resolved        tarball: 'https://registry.npmjs.org/dev/-/dev-0.1.3.tgz' },
76 silly install resolved     scripts: {},
76 silly install resolved     directories: {},
76 silly install resolved     _shasum: '89fdc08705e0e7eaef92d012e26751e4d744322a',
76 silly install resolved     _resolved: 'https://registry.npmjs.org/dev/-/dev-0.1.3.tgz',
76 silly install resolved     _from: 'dev@*',
76 silly install resolved     bugs: { url: 'https://github.com/iliakan/node-dev/issues' },
76 silly install resolved     readme: 'ERROR: No README data found!',
76 silly install resolved     homepage: 'https://github.com/iliakan/node-dev' },
76 silly install resolved   { name: 'three',
76 silly install resolved     version: '0.81.2',
76 silly install resolved     description: 'JavaScript 3D library',
76 silly install resolved     main: 'build/three.js',
76 silly install resolved     files:
76 silly install resolved      [ 'package.json',
76 silly install resolved        'LICENSE',
76 silly install resolved        'README.md',
76 silly install resolved        'build/three.js',
76 silly install resolved        'build/three.min.js',
76 silly install resolved        'src',
76 silly install resolved        'examples/js',
76 silly install resolved        'examples/fonts',
76 silly install resolved        'bower.json' ],
76 silly install resolved     directories: { doc: 'docs', example: 'examples', test: 'test' },
76 silly install resolved     scripts:
76 silly install resolved      { build: 'rollup -c',
76 silly install resolved        'build-uglify': 'rollup -c && uglifyjs build/three.js -cm --preamble "// threejs.org/license" > build/three.min.js',
76 silly install resolved        'build-closure': 'rollup -c && java -jar utils/build/compiler/closure-compiler-v20160713.jar --warning_level=VERBOSE --jscomp_off=globalThis --jscomp_off=checkTypes --externs utils/build/externs.js --language_in=ECMASCRIPT5_STRICT --js build/three.js --js_output_file build/three.min.js',
76 silly install resolved        dev: 'rollup -c -w',
76 silly install resolved        test: 'echo "Error: no test specified" && exit 1' },
76 silly install resolved     repository:
76 silly install resolved      { type: 'git',
76 silly install resolved        url: 'git+https://github.com/mrdoob/three.js.git' },
76 silly install resolved     keywords: [ 'three', 'three.js', '3d', 'webgl' ],
76 silly install resolved     author: { name: 'mrdoob' },
76 silly install resolved     license: 'MIT',
76 silly install resolved     bugs: { url: 'https://github.com/mrdoob/three.js/issues' },
76 silly install resolved     homepage: 'http://threejs.org/',
76 silly install resolved     devDependencies:
76 silly install resolved      { argparse: '^1.0.3',
76 silly install resolved        jscs: '^1.13.1',
76 silly install resolved        rollup: '^0.34.8',
76 silly install resolved        'rollup-watch': '^2.5.0',
76 silly install resolved        'uglify-js': '^2.6.0' },
76 silly install resolved     gitHead: '158ba8afd69e493397566fab6a0c161615b9bf29',
76 silly install resolved     _id: 'three@0.81.2',
76 silly install resolved     _shasum: '100c078dcfbb0a235e3d433066b1b26b145c69c3',
76 silly install resolved     _from: 'three@*',
76 silly install resolved     _npmVersion: '2.15.1',
76 silly install resolved     _nodeVersion: '4.4.4',
76 silly install resolved     _npmUser: { name: 'mrdoob', email: 'info@mrdoob.com' },
76 silly install resolved     dist:
76 silly install resolved      { shasum: '100c078dcfbb0a235e3d433066b1b26b145c69c3',
76 silly install resolved        tarball: 'https://registry.npmjs.org/three/-/three-0.81.2.tgz' },
76 silly install resolved     maintainers: [ [Object], [Object], [Object] ],
76 silly install resolved     _npmOperationalInternal:
76 silly install resolved      { host: 'packages-12-west.internal.npmjs.com',
76 silly install resolved        tmp: 'tmp/three-0.81.2.tgz_1474562228091_0.7487647256348282' },
76 silly install resolved     _resolved: 'https://registry.npmjs.org/three/-/three-0.81.2.tgz' } ]
77 info install dev@0.1.3 into /Users/ramiroespada/Documents/WORK/Molamil/2016/886- B&O Play /codethewave-framework
78 info install three@0.81.2 into /Users/ramiroespada/Documents/WORK/Molamil/2016/886- B&O Play /codethewave-framework
79 info installOne dev@0.1.3
80 verbose installOne of dev to /Users/ramiroespada/Documents/WORK/Molamil/2016/886- B&O Play /codethewave-framework not in flight; installing
81 info installOne three@0.81.2
82 verbose installOne of three to /Users/ramiroespada/Documents/WORK/Molamil/2016/886- B&O Play /codethewave-framework not in flight; installing
83 verbose lock using /Users/ramiroespada/.npm/_locks/dev-8f487dcd9128cb35.lock for /Users/ramiroespada/Documents/WORK/Molamil/2016/886- B&O Play /codethewave-framework/node_modules/dev
84 silly install write writing dev 0.1.3 to /Users/ramiroespada/Documents/WORK/Molamil/2016/886- B&O Play /codethewave-framework/node_modules/dev
85 silly cache addNamed cb dev@0.1.3
86 verbose unbuild node_modules/dev
87 verbose lock using /Users/ramiroespada/.npm/_locks/three-75a0d2ea2e47a23e.lock for /Users/ramiroespada/Documents/WORK/Molamil/2016/886- B&O Play /codethewave-framework/node_modules/three
88 silly install write writing three 0.81.2 to /Users/ramiroespada/Documents/WORK/Molamil/2016/886- B&O Play /codethewave-framework/node_modules/three
89 verbose gentlyRm vacuuming /Users/ramiroespada/Documents/WORK/Molamil/2016/886- B&O Play /codethewave-framework/node_modules/dev
90 verbose tar unpack /Users/ramiroespada/.npm/dev/0.1.3/package.tgz
91 verbose tar unpacking to /Users/ramiroespada/Documents/WORK/Molamil/2016/886- B&O Play /codethewave-framework/node_modules/dev
92 verbose gentlyRm vacuuming /Users/ramiroespada/Documents/WORK/Molamil/2016/886- B&O Play /codethewave-framework/node_modules/dev
93 silly gunzTarPerm modes [ '755', '644' ]
94 silly cache addNamed cb three@0.81.2
95 verbose unbuild node_modules/three
96 verbose gentlyRm vacuuming /Users/ramiroespada/Documents/WORK/Molamil/2016/886- B&O Play /codethewave-framework/node_modules/three
97 verbose tar unpack /Users/ramiroespada/.npm/three/0.81.2/package.tgz
98 verbose tar unpacking to /Users/ramiroespada/Documents/WORK/Molamil/2016/886- B&O Play /codethewave-framework/node_modules/three
99 verbose gentlyRm vacuuming /Users/ramiroespada/Documents/WORK/Molamil/2016/886- B&O Play /codethewave-framework/node_modules/three
100 silly gunzTarPerm extractEntry index.js
101 silly gunzTarPerm modes [ '755', '644' ]
102 silly gunzTarPerm extractEntry .npmignore
103 silly gunzTarPerm extractEntry readme.md
104 silly gunzTarPerm extractEntry package.json
105 silly gunzTarPerm extractEntry LICENSE
106 silly gunzTarPerm extractEntry bower.json
107 silly gunzTarPerm extractEntry package.json
108 silly gunzTarPerm extractEntry node-dev.sh
109 silly gunzTarPerm extractEntry build/three.js
110 silly gunzTarPerm extractEntry manager.js
111 info preinstall dev@0.1.3
112 silly prepareForInstallMany adding inotify@>= 0.1.6 from dev dependencies
113 silly cache add args [ 'inotify@>= 0.1.6', null ]
114 verbose cache add spec inotify@>= 0.1.6
115 silly cache add parsed spec Result {
115 silly cache add   raw: 'inotify@>= 0.1.6',
115 silly cache add   scope: null,
115 silly cache add   name: 'inotify',
115 silly cache add   rawSpec: '>= 0.1.6',
115 silly cache add   spec: '>=0.1.6',
115 silly cache add   type: 'range' }
116 verbose addNamed inotify@>=0.1.6
117 silly addNamed semver.valid null
118 silly addNamed semver.validRange >=0.1.6
119 silly addNameRange { name: 'inotify', range: '>=0.1.6', hasData: false }
120 silly mapToRegistry name inotify
121 silly mapToRegistry using default registry
122 silly mapToRegistry registry https://registry.npmjs.org/
123 silly mapToRegistry uri https://registry.npmjs.org/inotify
124 verbose addNameRange registry:https://registry.npmjs.org/inotify not in flight; fetching
125 verbose request uri https://registry.npmjs.org/inotify
126 verbose request no auth needed
127 info attempt registry request try #1 at 12:18:44 PM
128 verbose etag "2V1LOI5CGQOOFRYZZ7CR6I1W2"
129 http request GET https://registry.npmjs.org/inotify
130 silly gunzTarPerm extractEntry build/three.min.js
131 silly gunzTarPerm extractEntry examples/fonts/README
132 silly gunzTarPerm extractEntry examples/fonts/LICENSE
133 silly gunzTarPerm extractEntry examples/fonts/droid/NOTICE
134 silly gunzTarPerm extractEntry examples/fonts/droid/README.txt
135 silly gunzTarPerm extractEntry examples/fonts/droid/droid_sans_bold.typeface.json
136 silly gunzTarPerm extractEntry examples/fonts/droid/droid_sans_mono_regular.typeface.json
137 silly gunzTarPerm extractEntry examples/fonts/droid/droid_sans_regular.typeface.json
138 silly gunzTarPerm extractEntry examples/fonts/droid/droid_serif_bold.typeface.json
139 silly gunzTarPerm extractEntry examples/fonts/droid/droid_serif_regular.typeface.json
140 silly gunzTarPerm extractEntry examples/fonts/gentilis_bold.typeface.json
141 silly gunzTarPerm extractEntry examples/fonts/gentilis_regular.typeface.json
142 silly gunzTarPerm extractEntry examples/fonts/helvetiker_bold.typeface.json
143 silly gunzTarPerm extractEntry examples/fonts/helvetiker_regular.typeface.json
144 silly gunzTarPerm extractEntry examples/fonts/optimer_bold.typeface.json
145 silly gunzTarPerm extractEntry examples/fonts/optimer_regular.typeface.json
146 silly gunzTarPerm extractEntry examples/js/AnimationClipCreator.js
147 silly gunzTarPerm extractEntry examples/js/MarchingCubes.js
148 silly gunzTarPerm extractEntry examples/js/Mirror.js
149 silly gunzTarPerm extractEntry examples/js/MorphAnimMesh.js
150 silly gunzTarPerm extractEntry examples/js/MD2CharacterComplex.js
151 silly gunzTarPerm extractEntry examples/js/Ocean.js
152 silly gunzTarPerm extractEntry examples/js/Octree.js
153 silly gunzTarPerm extractEntry examples/js/PRNG.js
154 silly gunzTarPerm extractEntry examples/js/ParametricGeometries.js
155 silly gunzTarPerm extractEntry examples/js/RollerCoaster.js
156 silly gunzTarPerm extractEntry examples/js/MD2Character.js
157 silly gunzTarPerm extractEntry examples/js/ShaderGodRays.js
158 silly gunzTarPerm extractEntry examples/js/ImprovedNoise.js
159 silly gunzTarPerm extractEntry examples/js/ShaderSkin.js
160 silly gunzTarPerm extractEntry examples/js/Half.js
161 silly gunzTarPerm extractEntry examples/js/ShaderTerrain.js
162 silly gunzTarPerm extractEntry examples/js/Gyroscope.js
163 silly gunzTarPerm extractEntry examples/js/BlendCharacter.js
164 silly gunzTarPerm extractEntry examples/js/GPUParticleSystem.js
165 silly gunzTarPerm extractEntry examples/js/SimplexNoise.js
166 silly gunzTarPerm extractEntry examples/js/GPUComputationRenderer.js
167 silly gunzTarPerm extractEntry examples/js/SkyShader.js
168 silly gunzTarPerm extractEntry examples/js/Encodings.js
169 silly gunzTarPerm extractEntry examples/js/TimelinerController.js
170 silly gunzTarPerm extractEntry examples/js/Detector.js
171 silly gunzTarPerm extractEntry examples/js/TypedArrayUtils.js
172 silly gunzTarPerm extractEntry examples/js/CurveExtras.js
173 silly gunzTarPerm extractEntry examples/js/UCSCharacter.js
174 silly gunzTarPerm extractEntry examples/js/ConvexObjectBreaker.js
175 silly gunzTarPerm extractEntry examples/js/ViveController.js
176 silly gunzTarPerm extractEntry examples/js/Cloth.js
177 silly gunzTarPerm extractEntry examples/js/Volume.js
178 silly gunzTarPerm extractEntry examples/js/Car.js
179 silly gunzTarPerm extractEntry examples/js/VolumeSlice.js
180 silly gunzTarPerm extractEntry examples/js/BufferGeometryUtils.js
181 silly gunzTarPerm extractEntry examples/js/WaterShader.js
182 silly gunzTarPerm extractEntry examples/js/BlendCharacterGui.js
183 silly gunzTarPerm extractEntry examples/js/WebVR.js
184 silly gunzTarPerm extractEntry examples/js/MorphAnimation.js
185 silly gunzTarPerm extractEntry examples/js/ShaderToon.js
186 silly gunzTarPerm extractEntry examples/js/loaders/3MFLoader.js
187 silly gunzTarPerm extractEntry examples/js/loaders/HDRCubeTextureLoader.js
188 silly gunzTarPerm extractEntry examples/js/loaders/KMZLoader.js
189 silly gunzTarPerm extractEntry examples/js/loaders/MD2Loader.js
190 silly gunzTarPerm extractEntry examples/js/loaders/MMDLoader.js
191 silly gunzTarPerm extractEntry examples/js/loaders/GLTFLoader.js
192 silly gunzTarPerm extractEntry examples/js/loaders/NRRDLoader.js
193 silly gunzTarPerm extractEntry examples/js/loaders/AMFLoader.js
194 silly gunzTarPerm extractEntry examples/js/loaders/PCDLoader.js
195 silly gunzTarPerm extractEntry examples/js/loaders/PDBLoader.js
196 silly gunzTarPerm extractEntry examples/js/loaders/PLYLoader.js
197 silly gunzTarPerm extractEntry examples/js/loaders/FBXLoader.js
198 silly gunzTarPerm extractEntry examples/js/loaders/PVRLoader.js
199 silly gunzTarPerm extractEntry examples/js/loaders/DDSLoader.js
200 silly gunzTarPerm extractEntry examples/js/loaders/PlayCanvasLoader.js
201 silly gunzTarPerm extractEntry examples/js/loaders/ColladaLoader2.js
202 silly gunzTarPerm extractEntry examples/js/loaders/RGBELoader.js
203 silly gunzTarPerm extractEntry examples/js/loaders/ColladaLoader.js
204 silly gunzTarPerm extractEntry examples/js/loaders/STLLoader.js
205 silly gunzTarPerm extractEntry examples/js/loaders/BinaryLoader.js
206 silly gunzTarPerm extractEntry examples/js/loaders/SVGLoader.js
207 silly gunzTarPerm extractEntry examples/js/loaders/BabylonLoader.js
208 silly gunzTarPerm extractEntry examples/js/loaders/TGALoader.js
209 silly gunzTarPerm extractEntry examples/js/loaders/BVHLoader.js
210 silly gunzTarPerm extractEntry examples/js/loaders/UTF8Loader.js
211 silly gunzTarPerm extractEntry examples/js/loaders/AssimpJSONLoader.js
212 silly gunzTarPerm extractEntry examples/js/loaders/VRMLLoader.js
213 silly gunzTarPerm extractEntry examples/js/loaders/AWDLoader.js
214 silly gunzTarPerm extractEntry examples/js/loaders/VTKLoader.js
215 silly gunzTarPerm extractEntry examples/js/loaders/MTLLoader.js
216 silly gunzTarPerm extractEntry examples/js/loaders/OBJLoader.js
217 silly gunzTarPerm extractEntry examples/js/loaders/collada/Animation.js
218 silly gunzTarPerm extractEntry examples/js/loaders/collada/AnimationHandler.js
219 silly gunzTarPerm extractEntry examples/js/loaders/collada/KeyFrameAnimation.js
220 silly gunzTarPerm extractEntry examples/js/loaders/ctm/CTMLoader.js
221 silly gunzTarPerm extractEntry examples/js/loaders/ctm/CTMWorker.js
222 silly gunzTarPerm extractEntry examples/js/loaders/ctm/ctm.js
223 silly gunzTarPerm extractEntry examples/js/loaders/ctm/lzma.js
224 silly gunzTarPerm extractEntry examples/js/loaders/ctm/license/OpenCTM.txt
225 silly gunzTarPerm extractEntry examples/js/loaders/ctm/license/js-lzma.txt
226 silly gunzTarPerm extractEntry examples/js/loaders/ctm/license/js-openctm.txt
227 silly gunzTarPerm extractEntry examples/js/loaders/deprecated/SceneLoader.js
228 silly gunzTarPerm extractEntry examples/js/loaders/gltf/glTF-parser.js
229 silly gunzTarPerm extractEntry examples/js/loaders/gltf/glTFAnimation.js
230 silly gunzTarPerm extractEntry examples/js/loaders/gltf/glTFLoader.js
231 silly gunzTarPerm extractEntry examples/js/loaders/gltf/glTFLoaderUtils.js
232 silly gunzTarPerm extractEntry examples/js/loaders/gltf/glTFShaders.js
233 silly gunzTarPerm extractEntry examples/js/loaders/gltf/gltfUtilities.js
234 silly gunzTarPerm extractEntry examples/js/loaders/sea3d/SEA3D.js
235 silly gunzTarPerm extractEntry examples/js/loaders/sea3d/SEA3DDeflate.js
236 silly gunzTarPerm extractEntry examples/js/loaders/sea3d/SEA3DLZMA.js
237 silly gunzTarPerm extractEntry examples/js/loaders/sea3d/SEA3DLegacy.js
238 silly gunzTarPerm extractEntry examples/js/loaders/sea3d/SEA3DLoader.js
239 silly gunzTarPerm extractEntry examples/js/animation/CCDIKSolver.js
240 silly gunzTarPerm extractEntry examples/js/animation/MMDPhysics.js
241 silly gunzTarPerm extractEntry examples/js/controls/DeviceOrientationControls.js
242 silly gunzTarPerm extractEntry examples/js/controls/EditorControls.js
243 silly gunzTarPerm extractEntry examples/js/controls/FirstPersonControls.js
244 silly gunzTarPerm extractEntry examples/js/controls/FlyControls.js
245 silly gunzTarPerm extractEntry examples/js/controls/MouseControls.js
246 silly gunzTarPerm extractEntry examples/js/controls/DragControls.js
247 silly gunzTarPerm extractEntry examples/js/controls/OrthographicTrackballControls.js
248 silly gunzTarPerm extractEntry examples/js/controls/PointerLockControls.js
249 silly gunzTarPerm extractEntry examples/js/controls/TrackballControls.js
250 silly gunzTarPerm extractEntry examples/js/controls/TransformControls.js
251 silly gunzTarPerm extractEntry examples/js/controls/VRControls.js
252 silly gunzTarPerm extractEntry examples/js/controls/OrbitControls.js
253 silly gunzTarPerm extractEntry examples/js/crossfade/gui.js
254 silly gunzTarPerm extractEntry examples/js/crossfade/scenes.js
255 silly gunzTarPerm extractEntry examples/js/crossfade/transition.js
256 silly gunzTarPerm extractEntry examples/js/curves/NURBSCurve.js
257 silly gunzTarPerm extractEntry examples/js/curves/NURBSSurface.js
258 silly gunzTarPerm extractEntry examples/js/curves/NURBSUtils.js
259 silly gunzTarPerm extractEntry examples/js/effects/AnaglyphEffect.js
260 silly gunzTarPerm extractEntry examples/js/effects/AsciiEffect.js
261 silly gunzTarPerm extractEntry examples/js/effects/ParallaxBarrierEffect.js
262 silly gunzTarPerm extractEntry examples/js/effects/PeppersGhostEffect.js
263 silly gunzTarPerm extractEntry examples/js/effects/StereoEffect.js
264 silly gunzTarPerm extractEntry examples/js/effects/VREffect.js
265 silly gunzTarPerm extractEntry examples/js/exporters/OBJExporter.js
266 silly gunzTarPerm extractEntry examples/js/exporters/STLBinaryExporter.js
267 silly gunzTarPerm extractEntry examples/js/exporters/STLExporter.js
268 silly gunzTarPerm extractEntry examples/js/exporters/TypedGeometryExporter.js
269 silly gunzTarPerm extractEntry examples/js/geometries/ConvexGeometry.js
270 silly gunzTarPerm extractEntry examples/js/geometries/DecalGeometry.js
271 silly gunzTarPerm extractEntry examples/js/geometries/TeapotBufferGeometry.js
272 silly gunzTarPerm extractEntry examples/js/geometries/hilbert2D.js
273 silly gunzTarPerm extractEntry examples/js/geometries/hilbert3D.js
274 silly gunzTarPerm extractEntry examples/js/libs/ammo.js
275 silly gunzTarPerm extractEntry examples/js/libs/earcut.js
276 silly gunzTarPerm extractEntry examples/js/libs/inflate.min.js
277 silly gunzTarPerm extractEntry examples/js/libs/jszip.min.js
278 silly gunzTarPerm extractEntry examples/js/libs/msgpack-js.js
279 silly gunzTarPerm extractEntry examples/js/libs/dat.gui.min.js
280 silly gunzTarPerm extractEntry examples/js/libs/stats.min.js
281 silly gunzTarPerm extractEntry examples/js/libs/system.min.js
282 silly gunzTarPerm extractEntry examples/js/libs/timeliner_gui.min.js
283 silly gunzTarPerm extractEntry examples/js/libs/tween.min.js
284 silly gunzTarPerm extractEntry examples/js/libs/zlib_and_gzip.min.js
285 silly gunzTarPerm extractEntry examples/js/libs/charsetencoder.min.js
286 silly gunzTarPerm extractEntry examples/js/libs/pnltri.min.js
287 silly gunzTarPerm extractEntry examples/js/libs/zlib_and_gzip.min.js.map
288 silly gunzTarPerm extractEntry examples/js/cameras/CinematicCamera.js
289 silly gunzTarPerm extractEntry examples/js/cameras/CombinedCamera.js
290 silly gunzTarPerm extractEntry examples/js/math/ColorConverter.js
291 silly gunzTarPerm extractEntry examples/js/math/Lut.js
292 silly gunzTarPerm extractEntry examples/js/modifiers/BufferSubdivisionModifier.js
293 silly gunzTarPerm extractEntry examples/js/modifiers/ExplodeModifier.js
294 silly gunzTarPerm extractEntry examples/js/modifiers/SimplifyModifier.js
295 silly gunzTarPerm extractEntry examples/js/modifiers/SubdivisionModifier.js
296 silly gunzTarPerm extractEntry examples/js/modifiers/TessellateModifier.js
297 silly gunzTarPerm extractEntry examples/js/nodes/AttributeNode.js
298 silly gunzTarPerm extractEntry examples/js/nodes/FunctionNode.js
299 silly gunzTarPerm extractEntry examples/js/nodes/GLNode.js
300 silly gunzTarPerm extractEntry examples/js/nodes/InputNode.js
301 silly gunzTarPerm extractEntry examples/js/nodes/FunctionCallNode.js
302 silly gunzTarPerm extractEntry examples/js/nodes/NodeLib.js
303 silly gunzTarPerm extractEntry examples/js/nodes/NodeMaterial.js
304 silly gunzTarPerm extractEntry examples/js/nodes/ConstNode.js
305 silly gunzTarPerm extractEntry examples/js/nodes/TempNode.js
306 silly gunzTarPerm extractEntry examples/js/nodes/VarNode.js
307 silly gunzTarPerm extractEntry examples/js/nodes/NodeBuilder.js
308 silly gunzTarPerm extractEntry examples/js/nodes/RawNode.js
309 silly gunzTarPerm extractEntry examples/js/nodes/accessors/CameraNode.js
310 silly gunzTarPerm extractEntry examples/js/nodes/accessors/ColorsNode.js
311 silly gunzTarPerm extractEntry examples/js/nodes/accessors/LightNode.js
312 silly gunzTarPerm extractEntry examples/js/nodes/accessors/NormalNode.js
313 silly gunzTarPerm extractEntry examples/js/nodes/accessors/PositionNode.js
314 silly gunzTarPerm extractEntry examples/js/nodes/accessors/ReflectNode.js
315 silly gunzTarPerm extractEntry examples/js/nodes/accessors/ScreenUVNode.js
316 silly gunzTarPerm extractEntry examples/js/nodes/accessors/UVNode.js
317 silly gunzTarPerm extractEntry examples/js/nodes/inputs/ColorNode.js
318 silly gunzTarPerm extractEntry examples/js/nodes/inputs/FloatNode.js
319 silly gunzTarPerm extractEntry examples/js/nodes/inputs/IntNode.js
320 silly gunzTarPerm extractEntry examples/js/nodes/inputs/Matrix4Node.js
321 silly gunzTarPerm extractEntry examples/js/nodes/inputs/CubeTextureNode.js
322 silly gunzTarPerm extractEntry examples/js/nodes/inputs/ScreenNode.js
323 silly gunzTarPerm extractEntry examples/js/nodes/inputs/TextureNode.js
324 silly gunzTarPerm extractEntry examples/js/nodes/inputs/Vector2Node.js
325 silly gunzTarPerm extractEntry examples/js/nodes/inputs/Vector3Node.js
326 silly gunzTarPerm extractEntry examples/js/nodes/inputs/Vector4Node.js
327 silly gunzTarPerm extractEntry examples/js/nodes/inputs/MirrorNode.js
328 silly gunzTarPerm extractEntry examples/js/nodes/materials/PhongNode.js
329 silly gunzTarPerm extractEntry examples/js/nodes/materials/PhongNodeMaterial.js
330 silly gunzTarPerm extractEntry examples/js/nodes/materials/StandardNode.js
331 silly gunzTarPerm extractEntry examples/js/nodes/materials/StandardNodeMaterial.js
332 silly gunzTarPerm extractEntry examples/js/nodes/math/Math1Node.js
333 silly gunzTarPerm extractEntry examples/js/nodes/math/Math2Node.js
334 silly gunzTarPerm extractEntry examples/js/nodes/math/Math3Node.js
335 silly gunzTarPerm extractEntry examples/js/nodes/math/OperatorNode.js
336 silly gunzTarPerm extractEntry examples/js/nodes/postprocessing/NodePass.js
337 silly gunzTarPerm extractEntry examples/js/nodes/utils/BlurNode.js
338 silly gunzTarPerm extractEntry examples/js/nodes/utils/ColorAdjustmentNode.js
339 silly gunzTarPerm extractEntry examples/js/nodes/utils/JoinNode.js
340 silly gunzTarPerm extractEntry examples/js/nodes/utils/LuminanceNode.js
341 silly gunzTarPerm extractEntry examples/js/nodes/utils/NoiseNode.js
342 silly gunzTarPerm extractEntry examples/js/nodes/utils/BumpNode.js
343 silly gunzTarPerm extractEntry examples/js/nodes/utils/ResolutionNode.js
344 silly gunzTarPerm extractEntry examples/js/nodes/utils/RoughnessToBlinnExponentNode.js
345 silly gunzTarPerm extractEntry examples/js/nodes/utils/SwitchNode.js
346 silly gunzTarPerm extractEntry examples/js/nodes/utils/TimerNode.js
347 silly gunzTarPerm extractEntry examples/js/nodes/utils/VelocityNode.js
348 silly gunzTarPerm extractEntry examples/js/nodes/utils/NormalMapNode.js
349 silly gunzTarPerm extractEntry examples/js/objects/ShadowMesh.js
350 silly gunzTarPerm extractEntry examples/js/pmrem/PMREMCubeUVPacker.js
351 silly gunzTarPerm extractEntry examples/js/pmrem/PMREMGenerator.js
352 silly gunzTarPerm extractEntry examples/js/postprocessing/AdaptiveToneMappingPass.js
353 silly gunzTarPerm extractEntry examples/js/postprocessing/EffectComposer.js
354 silly gunzTarPerm extractEntry examples/js/postprocessing/FilmPass.js
355 silly gunzTarPerm extractEntry examples/js/postprocessing/GlitchPass.js
356 silly gunzTarPerm extractEntry examples/js/postprocessing/DotScreenPass.js
357 silly gunzTarPerm extractEntry examples/js/postprocessing/MaskPass.js
358 silly gunzTarPerm extractEntry examples/js/postprocessing/OutlinePass.js
359 silly gunzTarPerm extractEntry examples/js/postprocessing/RenderPass.js
360 silly gunzTarPerm extractEntry examples/js/postprocessing/SMAAPass.js
361 silly gunzTarPerm extractEntry examples/js/postprocessing/SavePass.js
362 silly gunzTarPerm extractEntry examples/js/postprocessing/CubeTexturePass.js
363 silly gunzTarPerm extractEntry examples/js/postprocessing/ShaderPass.js
364 silly gunzTarPerm extractEntry examples/js/postprocessing/ClearPass.js
365 silly gunzTarPerm extractEntry examples/js/postprocessing/TAARenderPass.js
366 silly gunzTarPerm extractEntry examples/js/postprocessing/BokehPass.js
367 silly gunzTarPerm extractEntry examples/js/postprocessing/TexturePass.js
368 silly gunzTarPerm extractEntry examples/js/postprocessing/BloomPass.js
369 silly gunzTarPerm extractEntry examples/js/postprocessing/UnrealBloomPass.js
370 silly gunzTarPerm extractEntry examples/js/postprocessing/ManualMSAARenderPass.js
371 silly gunzTarPerm extractEntry examples/js/renderers/CSS2DRenderer.js
372 silly gunzTarPerm extractEntry examples/js/renderers/CSS3DRenderer.js
373 silly gunzTarPerm extractEntry examples/js/renderers/CanvasRenderer.js
374 silly gunzTarPerm extractEntry examples/js/renderers/Projector.js
375 silly gunzTarPerm extractEntry examples/js/renderers/RaytracingRenderer.js
376 silly gunzTarPerm extractEntry examples/js/renderers/RaytracingWorker.js
377 silly gunzTarPerm extractEntry examples/js/renderers/SVGRenderer.js
378 silly gunzTarPerm extractEntry examples/js/renderers/SoftwareRenderer.js
379 silly gunzTarPerm extractEntry examples/js/shaders/BasicShader.js
380 silly gunzTarPerm extractEntry examples/js/shaders/FocusShader.js
381 silly gunzTarPerm extractEntry examples/js/shaders/FresnelShader.js
382 silly gunzTarPerm extractEntry examples/js/shaders/GammaCorrectionShader.js
383 silly gunzTarPerm extractEntry examples/js/shaders/FilmShader.js
384 silly gunzTarPerm extractEntry examples/js/shaders/HorizontalTiltShiftShader.js
385 silly gunzTarPerm extractEntry examples/js/shaders/HueSaturationShader.js
386 silly gunzTarPerm extractEntry examples/js/shaders/KaleidoShader.js
387 silly gunzTarPerm extractEntry examples/js/shaders/LuminosityHighPassShader.js
388 silly gunzTarPerm extractEntry examples/js/shaders/LuminosityShader.js
389 silly gunzTarPerm extractEntry examples/js/shaders/FXAAShader.js
390 silly gunzTarPerm extractEntry examples/js/shaders/MirrorShader.js
391 silly gunzTarPerm extractEntry examples/js/shaders/EdgeShader2.js
392 silly gunzTarPerm extractEntry examples/js/shaders/NormalMapShader.js
393 silly gunzTarPerm extractEntry examples/js/shaders/EdgeShader.js
394 silly gunzTarPerm extractEntry examples/js/shaders/OceanShaders.js
395 silly gunzTarPerm extractEntry examples/js/shaders/DotScreenShader.js
396 silly gunzTarPerm extractEntry examples/js/shaders/ParallaxShader.js
397 silly gunzTarPerm extractEntry examples/js/shaders/DigitalGlitch.js
398 silly gunzTarPerm extractEntry examples/js/shaders/RGBShiftShader.js
399 silly gunzTarPerm extractEntry examples/js/shaders/DOFMipMapShader.js
400 silly gunzTarPerm extractEntry examples/js/shaders/SMAAShader.js
401 silly gunzTarPerm extractEntry examples/js/shaders/CopyShader.js
402 silly gunzTarPerm extractEntry examples/js/shaders/SSAOShader.js
403 silly gunzTarPerm extractEntry examples/js/shaders/ConvolutionShader.js
404 silly gunzTarPerm extractEntry examples/js/shaders/SepiaShader.js
405 silly gunzTarPerm extractEntry examples/js/shaders/ColorifyShader.js
406 silly gunzTarPerm extractEntry examples/js/shaders/TechnicolorShader.js
407 silly gunzTarPerm extractEntry examples/js/shaders/ColorCorrectionShader.js
408 silly gunzTarPerm extractEntry examples/js/shaders/ToneMapShader.js
409 silly gunzTarPerm extractEntry examples/js/shaders/BrightnessContrastShader.js
410 silly gunzTarPerm extractEntry examples/js/shaders/TriangleBlurShader.js
411 silly gunzTarPerm extractEntry examples/js/shaders/BokehShader2.js
412 silly gunzTarPerm extractEntry examples/js/shaders/UnpackDepthRGBAShader.js
413 silly gunzTarPerm extractEntry examples/js/shaders/BokehShader.js
414 silly gunzTarPerm extractEntry examples/js/shaders/VerticalBlurShader.js
415 silly gunzTarPerm extractEntry examples/js/shaders/BlendShader.js
416 silly gunzTarPerm extractEntry examples/js/shaders/VerticalTiltShiftShader.js
417 silly gunzTarPerm extractEntry examples/js/shaders/BleachBypassShader.js
418 silly gunzTarPerm extractEntry examples/js/shaders/VignetteShader.js
419 silly gunzTarPerm extractEntry examples/js/shaders/HorizontalBlurShader.js
420 silly gunzTarPerm extractEntry examples/js/utils/GeometryUtils.js
421 silly gunzTarPerm extractEntry examples/js/utils/ImageUtils.js
422 silly gunzTarPerm extractEntry examples/js/utils/ShadowMapViewer.js
423 silly gunzTarPerm extractEntry examples/js/utils/UVsDebug.js
424 silly gunzTarPerm extractEntry src/Three.Legacy.js
425 silly gunzTarPerm extractEntry src/constants.js
426 silly gunzTarPerm extractEntry src/Three.js
427 silly gunzTarPerm extractEntry src/polyfills.js
428 silly gunzTarPerm extractEntry src/cameras/Camera.js
429 silly gunzTarPerm extractEntry src/cameras/CubeCamera.js
430 silly gunzTarPerm extractEntry src/cameras/OrthographicCamera.js
431 silly gunzTarPerm extractEntry src/cameras/PerspectiveCamera.js
432 silly gunzTarPerm extractEntry src/cameras/StereoCamera.js
433 silly gunzTarPerm extractEntry src/textures/CanvasTexture.js
434 silly gunzTarPerm extractEntry src/textures/CompressedTexture.js
435 silly gunzTarPerm extractEntry src/textures/CubeTexture.js
436 silly gunzTarPerm extractEntry src/textures/DataTexture.js
437 silly gunzTarPerm extractEntry src/textures/DepthTexture.js
438 silly gunzTarPerm extractEntry src/textures/Texture.js
439 silly gunzTarPerm extractEntry src/textures/VideoTexture.js
440 silly gunzTarPerm extractEntry src/core/BufferAttribute.js
441 silly gunzTarPerm extractEntry src/core/EventDispatcher.js
442 silly gunzTarPerm extractEntry src/core/Face3.js
443 silly gunzTarPerm extractEntry src/core/Geometry.js
444 silly gunzTarPerm extractEntry src/core/InstancedBufferAttribute.js
445 silly gunzTarPerm extractEntry src/core/DirectGeometry.js
446 silly gunzTarPerm extractEntry src/core/InstancedInterleavedBuffer.js
447 silly gunzTarPerm extractEntry src/core/InterleavedBuffer.js
448 silly gunzTarPerm extractEntry src/core/InterleavedBufferAttribute.js
449 silly gunzTarPerm extractEntry src/core/Layers.js
450 silly gunzTarPerm extractEntry src/core/Object3D.js
451 silly gunzTarPerm extractEntry src/core/Clock.js
452 silly gunzTarPerm extractEntry src/core/Raycaster.js
453 silly gunzTarPerm extractEntry src/core/BufferGeometry.js
454 silly gunzTarPerm extractEntry src/core/Uniform.js
455 silly gunzTarPerm extractEntry src/core/InstancedBufferGeometry.js
456 silly gunzTarPerm extractEntry src/extras/CurveUtils.js
457 silly gunzTarPerm extractEntry src/extras/SceneUtils.js
458 silly gunzTarPerm extractEntry src/extras/ShapeUtils.js
459 silly gunzTarPerm extractEntry src/extras/core/Curve.js
460 silly gunzTarPerm extractEntry src/extras/core/CurvePath.js
461 silly gunzTarPerm extractEntry src/extras/core/Font.js
462 silly gunzTarPerm extractEntry src/extras/core/Path.js
463 silly gunzTarPerm extractEntry src/extras/core/PathPrototype.js
464 silly gunzTarPerm extractEntry src/extras/core/Shape.js
465 silly gunzTarPerm extractEntry src/extras/curves/ArcCurve.js
466 silly gunzTarPerm extractEntry src/extras/curves/ClosedSplineCurve3.js
467 silly gunzTarPerm extractEntry src/extras/curves/CubicBezierCurve.js
468 silly gunzTarPerm extractEntry src/extras/curves/CubicBezierCurve3.js
469 silly gunzTarPerm extractEntry src/extras/curves/EllipseCurve.js
470 silly gunzTarPerm extractEntry src/extras/curves/CatmullRomCurve3.js
471 silly gunzTarPerm extractEntry src/extras/curves/LineCurve3.js
472 silly gunzTarPerm extractEntry src/extras/curves/QuadraticBezierCurve.js
473 silly gunzTarPerm extractEntry src/extras/curves/QuadraticBezierCurve3.js
474 silly gunzTarPerm extractEntry src/extras/curves/SplineCurve.js
475 silly gunzTarPerm extractEntry src/extras/curves/SplineCurve3.js
476 silly gunzTarPerm extractEntry src/extras/curves/LineCurve.js
477 silly gunzTarPerm extractEntry src/extras/helpers/ArrowHelper.js
478 silly gunzTarPerm extractEntry src/extras/helpers/BoxHelper.js
479 silly gunzTarPerm extractEntry src/extras/helpers/CameraHelper.js
480 silly gunzTarPerm extractEntry src/extras/helpers/DirectionalLightHelper.js
481 silly gunzTarPerm extractEntry src/extras/helpers/BoundingBoxHelper.js
482 silly gunzTarPerm extractEntry src/extras/helpers/GridHelper.js
483 silly gunzTarPerm extractEntry src/extras/helpers/HemisphereLightHelper.js
484 silly gunzTarPerm extractEntry src/extras/helpers/PointLightHelper.js
485 silly gunzTarPerm extractEntry src/extras/helpers/SkeletonHelper.js
486 silly gunzTarPerm extractEntry src/extras/helpers/SpotLightHelper.js
487 silly gunzTarPerm extractEntry src/extras/helpers/AxisHelper.js
488 silly gunzTarPerm extractEntry src/extras/helpers/VertexNormalsHelper.js
489 silly gunzTarPerm extractEntry src/extras/helpers/FaceNormalsHelper.js
490 silly gunzTarPerm extractEntry src/extras/objects/ImmediateRenderObject.js
491 silly gunzTarPerm extractEntry src/extras/objects/MorphBlendMesh.js
492 silly gunzTarPerm extractEntry src/geometries/BoxBufferGeometry.js
493 silly gunzTarPerm extractEntry src/geometries/LatheBufferGeometry.js
494 silly gunzTarPerm extractEntry src/geometries/LatheGeometry.js
495 silly gunzTarPerm extractEntry src/geometries/OctahedronGeometry.js
496 silly gunzTarPerm extractEntry src/geometries/IcosahedronGeometry.js
497 silly gunzTarPerm extractEntry src/geometries/PlaneBufferGeometry.js
498 silly gunzTarPerm extractEntry src/geometries/PlaneGeometry.js
499 silly gunzTarPerm extractEntry src/geometries/PolyhedronGeometry.js
500 silly gunzTarPerm extractEntry src/geometries/RingBufferGeometry.js
501 silly gunzTarPerm extractEntry src/geometries/RingGeometry.js
502 silly gunzTarPerm extractEntry src/geometries/Geometries.js
503 silly gunzTarPerm extractEntry src/geometries/ShapeGeometry.js
504 silly gunzTarPerm extractEntry src/geometries/ExtrudeGeometry.js
505 silly gunzTarPerm extractEntry src/geometries/SphereBufferGeometry.js
506 silly gunzTarPerm extractEntry src/geometries/EdgesGeometry.js
507 silly gunzTarPerm extractEntry src/geometries/SphereGeometry.js
508 silly gunzTarPerm extractEntry src/geometries/DodecahedronGeometry.js
509 silly gunzTarPerm extractEntry src/geometries/TetrahedronGeometry.js
510 silly gunzTarPerm extractEntry src/geometries/CylinderGeometry.js
511 silly gunzTarPerm extractEntry src/geometries/TextGeometry.js
512 silly gunzTarPerm extractEntry src/geometries/CylinderBufferGeometry.js
513 silly gunzTarPerm extractEntry src/geometries/TorusBufferGeometry.js
514 silly gunzTarPerm extractEntry src/geometries/ConeGeometry.js
515 silly gunzTarPerm extractEntry src/geometries/TorusGeometry.js
516 silly gunzTarPerm extractEntry src/geometries/ConeBufferGeometry.js
517 silly gunzTarPerm extractEntry src/geometries/TorusKnotBufferGeometry.js
518 silly gunzTarPerm extractEntry src/geometries/CircleGeometry.js
519 silly gunzTarPerm extractEntry src/geometries/TorusKnotGeometry.js
520 silly gunzTarPerm extractEntry src/geometries/CircleBufferGeometry.js
521 silly gunzTarPerm extractEntry src/geometries/TubeGeometry.js
522 silly gunzTarPerm extractEntry src/geometries/BoxGeometry.js
523 silly gunzTarPerm extractEntry src/geometries/WireframeGeometry.js
524 silly gunzTarPerm extractEntry src/geometries/ParametricGeometry.js
525 silly gunzTarPerm extractEntry src/animation/AnimationAction.js
526 silly gunzTarPerm extractEntry src/animation/AnimationMixer.js
527 silly gunzTarPerm extractEntry src/animation/AnimationObjectGroup.js
528 silly gunzTarPerm extractEntry src/animation/AnimationUtils.js
529 silly gunzTarPerm extractEntry src/animation/AnimationClip.js
530 silly gunzTarPerm extractEntry src/animation/KeyframeTrackConstructor.js
531 silly gunzTarPerm extractEntry src/animation/KeyframeTrackPrototype.js
532 silly gunzTarPerm extractEntry src/animation/PropertyBinding.js
533 silly gunzTarPerm extractEntry src/animation/PropertyMixer.js
534 silly gunzTarPerm extractEntry src/animation/KeyframeTrack.js
535 silly gunzTarPerm extractEntry src/animation/tracks/BooleanKeyframeTrack.js
536 silly gunzTarPerm extractEntry src/animation/tracks/ColorKeyframeTrack.js
537 silly gunzTarPerm extractEntry src/animation/tracks/NumberKeyframeTrack.js
538 silly gunzTarPerm extractEntry src/animation/tracks/QuaternionKeyframeTrack.js
539 silly gunzTarPerm extractEntry src/animation/tracks/StringKeyframeTrack.js
540 silly gunzTarPerm extractEntry src/animation/tracks/VectorKeyframeTrack.js
541 silly gunzTarPerm extractEntry src/loaders/AnimationLoader.js
542 silly gunzTarPerm extractEntry src/loaders/Cache.js
543 silly gunzTarPerm extractEntry src/loaders/CompressedTextureLoader.js
544 silly gunzTarPerm extractEntry src/loaders/CubeTextureLoader.js
545 silly gunzTarPerm extractEntry src/loaders/FontLoader.js
546 silly gunzTarPerm extractEntry src/loaders/BufferGeometryLoader.js
547 silly gunzTarPerm extractEntry src/loaders/JSONLoader.js
548 silly gunzTarPerm extractEntry src/loaders/Loader.js
549 silly gunzTarPerm extractEntry src/loaders/LoadingManager.js
550 silly gunzTarPerm extractEntry src/loaders/MaterialLoader.js
551 silly gunzTarPerm extractEntry src/loaders/ObjectLoader.js
552 silly gunzTarPerm extractEntry src/loaders/BinaryTextureLoader.js
553 silly gunzTarPerm extractEntry src/loaders/TextureLoader.js
554 silly gunzTarPerm extractEntry src/loaders/AudioLoader.js
555 silly gunzTarPerm extractEntry src/loaders/XHRLoader.js
556 silly gunzTarPerm extractEntry src/loaders/ImageLoader.js
557 silly gunzTarPerm extractEntry src/materials/LineBasicMaterial.js
558 silly gunzTarPerm extractEntry src/materials/MeshDepthMaterial.js
559 silly gunzTarPerm extractEntry src/materials/MeshLambertMaterial.js
560 silly gunzTarPerm extractEntry src/materials/MeshNormalMaterial.js
561 silly gunzTarPerm extractEntry src/materials/MeshBasicMaterial.js
562 silly gunzTarPerm extractEntry src/materials/MeshPhysicalMaterial.js
563 silly gunzTarPerm extractEntry src/materials/MeshStandardMaterial.js
564 silly gunzTarPerm extractEntry src/materials/MultiMaterial.js
565 silly gunzTarPerm extractEntry src/materials/PointsMaterial.js
566 silly gunzTarPerm extractEntry src/materials/RawShaderMaterial.js
567 silly gunzTarPerm extractEntry src/materials/Materials.js
568 silly gunzTarPerm extractEntry src/materials/ShaderMaterial.js
569 silly gunzTarPerm extractEntry src/materials/Material.js
570 silly gunzTarPerm extractEntry src/materials/ShadowMaterial.js
571 silly gunzTarPerm extractEntry src/materials/LineDashedMaterial.js
572 silly gunzTarPerm extractEntry src/materials/SpriteMaterial.js
573 silly gunzTarPerm extractEntry src/materials/MeshPhongMaterial.js
574 silly gunzTarPerm extractEntry src/math/Box2.js
575 silly gunzTarPerm extractEntry src/math/Math.js
576 silly gunzTarPerm extractEntry src/math/Matrix3.js
577 silly gunzTarPerm extractEntry src/math/Matrix4.js
578 silly gunzTarPerm extractEntry src/math/Line3.js
579 silly gunzTarPerm extractEntry src/math/Quaternion.js
580 silly gunzTarPerm extractEntry src/math/Ray.js
581 silly gunzTarPerm extractEntry src/math/Sphere.js
582 silly gunzTarPerm extractEntry src/math/Spherical.js
583 silly gunzTarPerm extractEntry src/math/Spline.js
584 silly gunzTarPerm extractEntry src/math/Interpolant.js
585 silly gunzTarPerm extractEntry src/math/Triangle.js
586 silly gunzTarPerm extractEntry src/math/Frustum.js
587 silly gunzTarPerm extractEntry src/math/Vector2.js
588 silly gunzTarPerm extractEntry src/math/Euler.js
589 silly gunzTarPerm extractEntry src/math/Vector3.js
590 silly gunzTarPerm extractEntry src/math/Color.js
591 silly gunzTarPerm extractEntry src/math/Vector4.js
592 silly gunzTarPerm extractEntry src/math/Box3.js
593 silly gunzTarPerm extractEntry src/math/Plane.js
594 silly gunzTarPerm extractEntry src/math/interpolants/CubicInterpolant.js
595 silly gunzTarPerm extractEntry src/math/interpolants/DiscreteInterpolant.js
596 silly gunzTarPerm extractEntry src/math/interpolants/LinearInterpolant.js
597 silly gunzTarPerm extractEntry src/math/interpolants/QuaternionLinearInterpolant.js
598 silly gunzTarPerm extractEntry src/objects/Bone.js
599 silly gunzTarPerm extractEntry src/objects/LOD.js
600 silly gunzTarPerm extractEntry src/objects/LensFlare.js
601 silly gunzTarPerm extractEntry src/objects/Line.js
602 silly gunzTarPerm extractEntry src/objects/LineSegments.js
603 silly gunzTarPerm extractEntry src/objects/Group.js
604 silly gunzTarPerm extractEntry src/objects/Points.js
605 silly gunzTarPerm extractEntry src/objects/RenderObject.js
606 silly gunzTarPerm extractEntry src/objects/Skeleton.js
607 silly gunzTarPerm extractEntry src/objects/SkinnedMesh.js
608 silly gunzTarPerm extractEntry src/objects/Sprite.js
609 silly gunzTarPerm extractEntry src/objects/Mesh.js
610 silly gunzTarPerm extractEntry src/audio/Audio.js
611 silly gunzTarPerm extractEntry src/audio/AudioAnalyser.js
612 silly gunzTarPerm extractEntry src/audio/AudioContext.js
613 silly gunzTarPerm extractEntry src/audio/AudioListener.js
614 silly gunzTarPerm extractEntry src/audio/PositionalAudio.js
615 silly gunzTarPerm extractEntry src/renderers/WebGLRenderTarget.js
616 silly gunzTarPerm extractEntry src/renderers/WebGLRenderTargetCube.js
617 silly gunzTarPerm extractEntry src/renderers/WebGLRenderer.js
618 silly gunzTarPerm extractEntry src/renderers/shaders/ShaderChunk.js
619 silly gunzTarPerm extractEntry src/renderers/shaders/ShaderLib.js
620 silly gunzTarPerm extractEntry src/renderers/shaders/UniformsLib.js
621 silly gunzTarPerm extractEntry src/renderers/shaders/UniformsUtils.js
622 silly gunzTarPerm extractEntry src/renderers/shaders/ShaderChunk/lights_template.glsl
623 silly gunzTarPerm extractEntry src/renderers/shaders/ShaderChunk/alphamap_fragment.glsl
624 silly gunzTarPerm extractEntry src/renderers/shaders/ShaderChunk/alphatest_fragment.glsl
625 silly gunzTarPerm extractEntry src/renderers/shaders/ShaderChunk/aomap_fragment.glsl
626 silly gunzTarPerm extractEntry src/renderers/shaders/ShaderChunk/aomap_pars_fragment.glsl
627 silly gunzTarPerm extractEntry src/renderers/shaders/ShaderChunk/begin_vertex.glsl
628 silly gunzTarPerm extractEntry src/renderers/shaders/ShaderChunk/beginnormal_vertex.glsl
629 silly gunzTarPerm extractEntry src/renderers/shaders/ShaderChunk/bsdfs.glsl
630 silly gunzTarPerm extractEntry src/renderers/shaders/ShaderChunk/bumpmap_pars_fragment.glsl
631 silly gunzTarPerm extractEntry src/renderers/shaders/ShaderChunk/clipping_planes_fragment.glsl
632 silly gunzTarPerm extractEntry src/renderers/shaders/ShaderChunk/clipping_planes_pars_fragment.glsl
633 silly gunzTarPerm extractEntry src/renderers/shaders/ShaderChunk/clipping_planes_pars_vertex.glsl
634 silly gunzTarPerm extractEntry src/renderers/shaders/ShaderChunk/clipping_planes_vertex.glsl
635 silly gunzTarPerm extractEntry src/renderers/shaders/ShaderChunk/color_fragment.glsl
636 silly gunzTarPerm extractEntry src/renderers/shaders/ShaderChunk/color_pars_fragment.glsl
637 silly gunzTarPerm extractEntry src/renderers/shaders/ShaderChunk/color_pars_vertex.glsl
638 silly gunzTarPerm extractEntry src/renderers/shaders/ShaderChunk/color_vertex.glsl
639 silly gunzTarPerm extractEntry src/renderers/shaders/ShaderChunk/common.glsl
640 silly gunzTarPerm extractEntry src/renderers/shaders/ShaderChunk/cube_uv_reflection_fragment.glsl
641 silly gunzTarPerm extractEntry src/renderers/shaders/ShaderChunk/defaultnormal_vertex.glsl
642 silly gunzTarPerm extractEntry src/renderers/shaders/ShaderChunk/displacementmap_pars_vertex.glsl
643 silly gunzTarPerm extractEntry src/renderers/shaders/ShaderChunk/displacementmap_vertex.glsl
644 silly gunzTarPerm extractEntry src/renderers/shaders/ShaderChunk/emissivemap_fragment.glsl
645 silly gunzTarPerm extractEntry src/renderers/shaders/ShaderChunk/emissivemap_pars_fragment.glsl
646 silly gunzTarPerm extractEntry src/renderers/shaders/ShaderChunk/encodings_fragment.glsl
647 silly gunzTarPerm extractEntry src/renderers/shaders/ShaderChunk/encodings_pars_fragment.glsl
648 silly gunzTarPerm extractEntry src/renderers/shaders/ShaderChunk/envmap_fragment.glsl
649 silly gunzTarPerm extractEntry src/renderers/shaders/ShaderChunk/envmap_pars_fragment.glsl
650 silly gunzTarPerm extractEntry src/renderers/shaders/ShaderChunk/envmap_pars_vertex.glsl
651 silly gunzTarPerm extractEntry src/renderers/shaders/ShaderChunk/envmap_vertex.glsl
652 silly gunzTarPerm extractEntry src/renderers/shaders/ShaderChunk/fog_fragment.glsl
653 silly gunzTarPerm extractEntry src/renderers/shaders/ShaderChunk/fog_pars_fragment.glsl
654 silly gunzTarPerm extractEntry src/renderers/shaders/ShaderChunk/lightmap_fragment.glsl
655 silly gunzTarPerm extractEntry src/renderers/shaders/ShaderChunk/lightmap_pars_fragment.glsl
656 silly gunzTarPerm extractEntry src/renderers/shaders/ShaderChunk/lights_lambert_vertex.glsl
657 silly gunzTarPerm extractEntry src/renderers/shaders/ShaderChunk/lights_pars.glsl
658 silly gunzTarPerm extractEntry src/renderers/shaders/ShaderChunk/lights_phong_fragment.glsl
659 silly gunzTarPerm extractEntry src/renderers/shaders/ShaderChunk/lights_phong_pars_fragment.glsl
660 silly gunzTarPerm extractEntry src/renderers/shaders/ShaderChunk/lights_physical_fragment.glsl
661 silly gunzTarPerm extractEntry src/renderers/shaders/ShaderChunk/lights_physical_pars_fragment.glsl
662 silly gunzTarPerm extractEntry src/renderers/shaders/ShaderChunk/alphamap_pars_fragment.glsl
663 silly gunzTarPerm extractEntry src/renderers/shaders/ShaderChunk/logdepthbuf_fragment.glsl
664 silly gunzTarPerm extractEntry src/renderers/shaders/ShaderChunk/logdepthbuf_pars_fragment.glsl
665 silly gunzTarPerm extractEntry src/renderers/shaders/ShaderChunk/logdepthbuf_pars_vertex.glsl
666 silly gunzTarPerm extractEntry src/renderers/shaders/ShaderChunk/logdepthbuf_vertex.glsl
667 silly gunzTarPerm extractEntry src/renderers/shaders/ShaderChunk/map_fragment.glsl
668 silly gunzTarPerm extractEntry src/renderers/shaders/ShaderChunk/map_pars_fragment.glsl
669 silly gunzTarPerm extractEntry src/renderers/shaders/ShaderChunk/map_particle_fragment.glsl
670 silly gunzTarPerm extractEntry src/renderers/shaders/ShaderChunk/map_particle_pars_fragment.glsl
671 silly gunzTarPerm extractEntry src/renderers/shaders/ShaderChunk/metalnessmap_fragment.glsl
672 silly gunzTarPerm extractEntry src/renderers/shaders/ShaderChunk/metalnessmap_pars_fragment.glsl
673 silly gunzTarPerm extractEntry src/renderers/shaders/ShaderChunk/morphnormal_vertex.glsl
674 silly gunzTarPerm extractEntry src/renderers/shaders/ShaderChunk/morphtarget_pars_vertex.glsl
675 silly gunzTarPerm extractEntry src/renderers/shaders/ShaderChunk/morphtarget_vertex.glsl
676 silly gunzTarPerm extractEntry src/renderers/shaders/ShaderChunk/normal_flip.glsl
677 silly gunzTarPerm extractEntry src/renderers/shaders/ShaderChunk/normal_fragment.glsl
678 silly gunzTarPerm extractEntry src/renderers/shaders/ShaderChunk/normalmap_pars_fragment.glsl
679 silly gunzTarPerm extractEntry src/renderers/shaders/ShaderChunk/packing.glsl
680 silly gunzTarPerm extractEntry src/renderers/shaders/ShaderChunk/premultiplied_alpha_fragment.glsl
681 silly gunzTarPerm extractEntry src/renderers/shaders/ShaderChunk/project_vertex.glsl
682 silly gunzTarPerm extractEntry src/renderers/shaders/ShaderChunk/roughnessmap_fragment.glsl
683 silly gunzTarPerm extractEntry src/renderers/shaders/ShaderChunk/roughnessmap_pars_fragment.glsl
684 silly gunzTarPerm extractEntry src/renderers/shaders/ShaderChunk/shadowmap_pars_fragment.glsl
685 silly gunzTarPerm extractEntry src/renderers/shaders/ShaderChunk/shadowmap_pars_vertex.glsl
686 silly gunzTarPerm extractEntry src/renderers/shaders/ShaderChunk/shadowmap_vertex.glsl
687 silly gunzTarPerm extractEntry src/renderers/shaders/ShaderChunk/shadowmask_pars_fragment.glsl
688 silly gunzTarPerm extractEntry src/renderers/shaders/ShaderChunk/skinbase_vertex.glsl
689 silly gunzTarPerm extractEntry src/renderers/shaders/ShaderChunk/skinning_pars_vertex.glsl
690 silly gunzTarPerm extractEntry src/renderers/shaders/ShaderChunk/skinning_vertex.glsl
691 silly gunzTarPerm extractEntry src/renderers/shaders/ShaderChunk/skinnormal_vertex.glsl
692 silly gunzTarPerm extractEntry src/renderers/shaders/ShaderChunk/specularmap_fragment.glsl
693 silly gunzTarPerm extractEntry src/renderers/shaders/ShaderChunk/specularmap_pars_fragment.glsl
694 silly gunzTarPerm extractEntry src/renderers/shaders/ShaderChunk/tonemapping_fragment.glsl
695 silly gunzTarPerm extractEntry src/renderers/shaders/ShaderChunk/tonemapping_pars_fragment.glsl
696 silly gunzTarPerm extractEntry src/renderers/shaders/ShaderChunk/uv2_pars_fragment.glsl
697 silly gunzTarPerm extractEntry src/renderers/shaders/ShaderChunk/uv2_pars_vertex.glsl
698 silly gunzTarPerm extractEntry src/renderers/shaders/ShaderChunk/uv2_vertex.glsl
699 silly gunzTarPerm extractEntry src/renderers/shaders/ShaderChunk/uv_pars_fragment.glsl
700 silly gunzTarPerm extractEntry src/renderers/shaders/ShaderChunk/uv_pars_vertex.glsl
701 silly gunzTarPerm extractEntry src/renderers/shaders/ShaderChunk/uv_vertex.glsl
702 silly gunzTarPerm extractEntry src/renderers/shaders/ShaderChunk/worldpos_vertex.glsl
703 silly gunzTarPerm extractEntry src/renderers/shaders/ShaderLib/meshlambert_frag.glsl
704 silly gunzTarPerm extractEntry src/renderers/shaders/ShaderLib/cube_frag.glsl
705 silly gunzTarPerm extractEntry src/renderers/shaders/ShaderLib/depth_frag.glsl
706 silly gunzTarPerm extractEntry src/renderers/shaders/ShaderLib/depth_vert.glsl
707 silly gunzTarPerm extractEntry src/renderers/shaders/ShaderLib/distanceRGBA_frag.glsl
708 silly gunzTarPerm extractEntry src/renderers/shaders/ShaderLib/distanceRGBA_vert.glsl
709 silly gunzTarPerm extractEntry src/renderers/shaders/ShaderLib/equirect_frag.glsl
710 silly gunzTarPerm extractEntry src/renderers/shaders/ShaderLib/equirect_vert.glsl
711 silly gunzTarPerm extractEntry src/renderers/shaders/ShaderLib/linedashed_frag.glsl
712 silly gunzTarPerm extractEntry src/renderers/shaders/ShaderLib/linedashed_vert.glsl
713 silly gunzTarPerm extractEntry src/renderers/shaders/ShaderLib/meshbasic_frag.glsl
714 silly gunzTarPerm extractEntry src/renderers/shaders/ShaderLib/meshbasic_vert.glsl
715 silly gunzTarPerm extractEntry src/renderers/shaders/ShaderLib/cube_vert.glsl
716 silly gunzTarPerm extractEntry src/renderers/shaders/ShaderLib/meshlambert_vert.glsl
717 silly gunzTarPerm extractEntry src/renderers/shaders/ShaderLib/meshphong_frag.glsl
718 silly gunzTarPerm extractEntry src/renderers/shaders/ShaderLib/meshphong_vert.glsl
719 silly gunzTarPerm extractEntry src/renderers/shaders/ShaderLib/meshphysical_frag.glsl
720 silly gunzTarPerm extractEntry src/renderers/shaders/ShaderLib/meshphysical_vert.glsl
721 silly gunzTarPerm extractEntry src/renderers/shaders/ShaderLib/normal_frag.glsl
722 silly gunzTarPerm extractEntry src/renderers/shaders/ShaderLib/normal_vert.glsl
723 silly gunzTarPerm extractEntry src/renderers/shaders/ShaderLib/points_frag.glsl
724 silly gunzTarPerm extractEntry src/renderers/shaders/ShaderLib/points_vert.glsl
725 silly gunzTarPerm extractEntry src/renderers/shaders/ShaderLib/shadow_frag.glsl
726 silly gunzTarPerm extractEntry src/renderers/shaders/ShaderLib/shadow_vert.glsl
727 silly gunzTarPerm extractEntry src/renderers/webgl/WebGLBufferRenderer.js
728 silly gunzTarPerm extractEntry src/renderers/webgl/WebGLIndexedBufferRenderer.js
729 silly gunzTarPerm extractEntry src/renderers/webgl/WebGLLights.js
730 silly gunzTarPerm extractEntry src/renderers/webgl/WebGLObjects.js
731 silly gunzTarPerm extractEntry src/renderers/webgl/WebGLGeometries.js
732 silly gunzTarPerm extractEntry src/renderers/webgl/WebGLPrograms.js
733 silly gunzTarPerm extractEntry src/renderers/webgl/WebGLProperties.js
734 silly gunzTarPerm extractEntry src/renderers/webgl/WebGLShader.js
735 silly gunzTarPerm extractEntry src/renderers/webgl/WebGLShadowMap.js
736 silly gunzTarPerm extractEntry src/renderers/webgl/WebGLState.js
737 silly gunzTarPerm extractEntry src/renderers/webgl/WebGLExtensions.js
738 silly gunzTarPerm extractEntry src/renderers/webgl/WebGLTextures.js
739 silly gunzTarPerm extractEntry src/renderers/webgl/WebGLClipping.js
740 silly gunzTarPerm extractEntry src/renderers/webgl/WebGLUniforms.js
741 silly gunzTarPerm extractEntry src/renderers/webgl/WebGLCapabilities.js
742 silly gunzTarPerm extractEntry src/renderers/webgl/WebGLProgram.js
743 silly gunzTarPerm extractEntry src/renderers/webgl/plugins/LensFlarePlugin.js
744 silly gunzTarPerm extractEntry src/renderers/webgl/plugins/SpritePlugin.js
745 silly gunzTarPerm extractEntry src/scenes/Fog.js
746 silly gunzTarPerm extractEntry src/scenes/FogExp2.js
747 silly gunzTarPerm extractEntry src/scenes/Scene.js
748 silly gunzTarPerm extractEntry src/lights/AmbientLight.js
749 silly gunzTarPerm extractEntry src/lights/DirectionalLight.js
750 silly gunzTarPerm extractEntry src/lights/DirectionalLightShadow.js
751 silly gunzTarPerm extractEntry src/lights/HemisphereLight.js
752 silly gunzTarPerm extractEntry src/lights/Light.js
753 silly gunzTarPerm extractEntry src/lights/LightShadow.js
754 silly gunzTarPerm extractEntry src/lights/PointLight.js
755 silly gunzTarPerm extractEntry src/lights/SpotLight.js
756 silly gunzTarPerm extractEntry src/lights/SpotLightShadow.js
757 http 304 https://registry.npmjs.org/inotify
758 silly get cb [ 304,
758 silly get   { date: 'Wed, 05 Oct 2016 10:18:44 GMT',
758 silly get     via: '1.1 varnish',
758 silly get     'cache-control': 'max-age=300',
758 silly get     etag: '"2V1LOI5CGQOOFRYZZ7CR6I1W2"',
758 silly get     age: '0',
758 silly get     connection: 'keep-alive',
758 silly get     'x-served-by': 'cache-gru7122-GRU',
758 silly get     'x-cache': 'MISS',
758 silly get     'x-cache-hits': '0',
758 silly get     'x-timer': 'S1475662724.300148,VS0,VE212',
758 silly get     vary: 'Accept-Encoding' } ]
759 verbose etag https://registry.npmjs.org/inotify from cache
760 verbose get saving inotify to /Users/ramiroespada/.npm/registry.npmjs.org/inotify/.cache.json
761 silly addNameRange number 2 { name: 'inotify', range: '>=0.1.6', hasData: true }
762 silly addNameRange versions [ 'inotify',
762 silly addNameRange   [ '0.1.2',
762 silly addNameRange     '0.1.3',
762 silly addNameRange     '0.1.4',
762 silly addNameRange     '0.1.5',
762 silly addNameRange     '0.1.6',
762 silly addNameRange     '0.1.7',
762 silly addNameRange     '0.1.8',
762 silly addNameRange     '0.2.0',
762 silly addNameRange     '0.2.1',
762 silly addNameRange     '0.2.2',
762 silly addNameRange     '1.0.0',
762 silly addNameRange     '1.1.0',
762 silly addNameRange     '1.2.0',
762 silly addNameRange     '1.2.1',
762 silly addNameRange     '1.3.0',
762 silly addNameRange     '1.4.0',
762 silly addNameRange     '1.4.1' ] ]
763 verbose addNamed inotify@1.4.1
764 silly addNamed semver.valid 1.4.1
765 silly addNamed semver.validRange 1.4.1
766 silly cache afterAdd inotify@1.4.1
767 verbose afterAdd /Users/ramiroespada/.npm/inotify/1.4.1/package/package.json not in flight; writing
768 verbose afterAdd /Users/ramiroespada/.npm/inotify/1.4.1/package/package.json written
769 silly install resolved [ { name: 'inotify',
769 silly install resolved     version: '1.4.1',
769 silly install resolved     author: { name: 'Camilo Aguilar', email: 'camilo.aguilar@gmail.com' },
769 silly install resolved     email: 'camilo.aguilar@gmail.com',
769 silly install resolved     keywords:
769 silly install resolved      [ 'inotify',
769 silly install resolved        'watch',
769 silly install resolved        'monitor',
769 silly install resolved        'watch files',
769 silly install resolved        'watch directories' ],
769 silly install resolved     license: 'MIT',
769 silly install resolved     description: 'inotify bindings for v8 javascript engine',
769 silly install resolved     repository:
769 silly install resolved      { type: 'git',
769 silly install resolved        url: 'git+ssh://git@github.com/c4milo/node-inotify.git' },
769 silly install resolved     os: [ 'linux' ],
769 silly install resolved     engines: { node: '>=0.8' },
769 silly install resolved     main: 'inotify',
769 silly install resolved     dependencies: { bindings: '^1.2.1', nan: '^2.3.3' },
769 silly install resolved     scripts:
769 silly install resolved      { test: 'node-gyp configure build',
769 silly install resolved        install: 'node-gyp rebuild' },
769 silly install resolved     gypfile: true,
769 silly install resolved     contributors:
769 silly install resolved      [ [Object],
769 silly install resolved        [Object],
769 silly install resolved        [Object],
769 silly install resolved        [Object],
769 silly install resolved        [Object],
769 silly install resolved        [Object],
769 silly install resolved        [Object],
769 silly install resolved        [Object],
769 silly install resolved        [Object],
769 silly install resolved        [Object] ],
769 silly install resolved     gitHead: 'c1416dfada3ca4f3fb40e65eededc52461822ec5',
769 silly install resolved     bugs: { url: 'https://github.com/c4milo/node-inotify/issues' },
769 silly install resolved     homepage: 'https://github.com/c4milo/node-inotify#readme',
769 silly install resolved     _id: 'inotify@1.4.1',
769 silly install resolved     _shasum: '8abdeb7ee9cbc291542a252df00d848b2a8f9287',
769 silly install resolved     _from: 'inotify@>=0.1.6',
769 silly install resolved     _npmVersion: '3.8.6',
769 silly install resolved     _nodeVersion: '5.11.0',
769 silly install resolved     _npmUser: { name: 'c4milo', email: 'camilo.aguilar@gmail.com' },
769 silly install resolved     maintainers: [ [Object], [Object] ],
769 silly install resolved     dist:
769 silly install resolved      { shasum: '8abdeb7ee9cbc291542a252df00d848b2a8f9287',
769 silly install resolved        tarball: 'https://registry.npmjs.org/inotify/-/inotify-1.4.1.tgz' },
769 silly install resolved     _npmOperationalInternal:
769 silly install resolved      { host: 'packages-16-east.internal.npmjs.com',
769 silly install resolved        tmp: 'tmp/inotify-1.4.1.tgz_1462444544613_0.7660284182056785' },
769 silly install resolved     directories: {},
769 silly install resolved     _resolved: 'https://registry.npmjs.org/inotify/-/inotify-1.4.1.tgz',
769 silly install resolved     readme: 'ERROR: No README data found!' } ]
770 info install inotify@1.4.1 into /Users/ramiroespada/Documents/WORK/Molamil/2016/886- B&O Play /codethewave-framework/node_modules/dev
771 info installOne inotify@1.4.1
772 verbose installOne of inotify to /Users/ramiroespada/Documents/WORK/Molamil/2016/886- B&O Play /codethewave-framework/node_modules/dev not in flight; installing
773 verbose lock using /Users/ramiroespada/.npm/_locks/inotify-1707d62546c7f49d.lock for /Users/ramiroespada/Documents/WORK/Molamil/2016/886- B&O Play /codethewave-framework/node_modules/dev/node_modules/inotify
774 verbose unlock done using /Users/ramiroespada/.npm/_locks/inotify-1707d62546c7f49d.lock for /Users/ramiroespada/Documents/WORK/Molamil/2016/886- B&O Play /codethewave-framework/node_modules/dev/node_modules/inotify
775 verbose about to build /Users/ramiroespada/Documents/WORK/Molamil/2016/886- B&O Play /codethewave-framework/node_modules/dev
776 verbose unlock done using /Users/ramiroespada/.npm/_locks/dev-8f487dcd9128cb35.lock for /Users/ramiroespada/Documents/WORK/Molamil/2016/886- B&O Play /codethewave-framework/node_modules/dev
777 info preinstall three@0.81.2
778 silly install resolved []
779 verbose about to build /Users/ramiroespada/Documents/WORK/Molamil/2016/886- B&O Play /codethewave-framework/node_modules/three
780 info build /Users/ramiroespada/Documents/WORK/Molamil/2016/886- B&O Play /codethewave-framework/node_modules/three
781 verbose linkStuff [ false,
781 verbose linkStuff   false,
781 verbose linkStuff   false,
781 verbose linkStuff   '/Users/ramiroespada/Documents/WORK/Molamil/2016/886- B&O Play /codethewave-framework/node_modules' ]
782 info linkStuff three@0.81.2
783 verbose linkBins three@0.81.2
784 verbose linkMans three@0.81.2
785 verbose rebuildBundles three@0.81.2
786 info install three@0.81.2
787 info postinstall three@0.81.2
788 verbose unlock done using /Users/ramiroespada/.npm/_locks/three-75a0d2ea2e47a23e.lock for /Users/ramiroespada/Documents/WORK/Molamil/2016/886- B&O Play /codethewave-framework/node_modules/three
789 verbose stack Error: Unsupported
789 verbose stack     at checkPlatform (/usr/local/lib/node_modules/npm/node_modules/npm-install-checks/index.js:47:14)
789 verbose stack     at Array.<anonymous> (/usr/local/lib/node_modules/npm/node_modules/slide/lib/bind-actor.js:15:8)
789 verbose stack     at LOOP (/usr/local/lib/node_modules/npm/node_modules/slide/lib/chain.js:15:14)
789 verbose stack     at /usr/local/lib/node_modules/npm/node_modules/slide/lib/chain.js:18:7
789 verbose stack     at checkEngine (/usr/local/lib/node_modules/npm/node_modules/npm-install-checks/index.js:26:10)
789 verbose stack     at Array.<anonymous> (/usr/local/lib/node_modules/npm/node_modules/slide/lib/bind-actor.js:15:8)
789 verbose stack     at LOOP (/usr/local/lib/node_modules/npm/node_modules/slide/lib/chain.js:15:14)
789 verbose stack     at chain (/usr/local/lib/node_modules/npm/node_modules/slide/lib/chain.js:20:5)
789 verbose stack     at /usr/local/lib/node_modules/npm/lib/install.js:949:5
789 verbose stack     at /usr/local/lib/node_modules/npm/lib/utils/locker.js:40:9
790 verbose pkgid inotify@1.4.1
791 verbose cwd /Users/ramiroespada/Documents/WORK/Molamil/2016/886- B&O Play /codethewave-framework
792 error Darwin 16.0.0
793 error argv "/usr/local/bin/node" "/usr/local/bin/npm" "install" "three" "--save" "dev"
794 error node v4.2.1
795 error npm  v2.5.1
796 error code EBADPLATFORM
797 error notsup Unsupported
797 error notsup Not compatible with your operating system or architecture: inotify@1.4.1
797 error notsup Valid OS:    linux
797 error notsup Valid Arch:  any
797 error notsup Actual OS:   darwin
797 error notsup Actual Arch: x64
798 verbose exit [ 1, true ]
799 verbose unbuild node_modules/dev
800 info preuninstall dev@0.1.3
801 info uninstall dev@0.1.3
802 verbose unbuild rmStuff dev@0.1.3 from /Users/ramiroespada/Documents/WORK/Molamil/2016/886- B&O Play /codethewave-framework/node_modules
803 verbose gentlyRm verifying that /Users/ramiroespada/Documents/WORK/Molamil/2016/886- B&O Play /codethewave-framework is managed by npm
804 silly isManaged /Users/ramiroespada/Documents/WORK/Molamil/2016/886- B&O Play /codethewave-framework is not inside /Users/ramiroespada/Documents/WORK/Molamil/2016/886- B&O Play /codethewave-framework/node_modules
805 silly isManaged /Users/ramiroespada/Documents/WORK/Molamil/2016/886- B&O Play /codethewave-framework is not inside /Users/ramiroespada/Documents/WORK/Molamil/2016/886- B&O Play /codethewave-framework/node_modules
806 silly isManaged /Users/ramiroespada/Documents/WORK/Molamil/2016/886- B&O Play /codethewave-framework/node_modules/.bin is inside /Users/ramiroespada/Documents/WORK/Molamil/2016/886- B&O Play /codethewave-framework
807 silly gentlyRm /Users/ramiroespada/Documents/WORK/Molamil/2016/886- B&O Play /codethewave-framework is managed by npm
808 silly gentlyRm /Users/ramiroespada/Documents/WORK/Molamil/2016/886- B&O Play /codethewave-framework/node_modules/.bin/node-dev is under /Users/ramiroespada/Documents/WORK/Molamil/2016/886- B&O Play /codethewave-framework
809 verbose gentlyRm vacuuming /Users/ramiroespada/Documents/WORK/Molamil/2016/886- B&O Play /codethewave-framework/node_modules/.bin/node-dev up to /Users/ramiroespada/Documents/WORK/Molamil/2016/886- B&O Play /codethewave-framework
810 info postuninstall dev@0.1.3
811 verbose gentlyRm vacuuming /Users/ramiroespada/Documents/WORK/Molamil/2016/886- B&O Play /codethewave-framework/node_modules/dev
812 silly gentlyRm purging /Users/ramiroespada/Documents/WORK/Molamil/2016/886- B&O Play /codethewave-framework/node_modules/dev
813 silly gentlyRm quitting because other entries in /Users/ramiroespada/Documents/WORK/Molamil/2016/886- B&O Play /codethewave-framework/node_modules
